<?xml version="1.0" encoding="UTF-8"?>
<!-- Generated by org.testng.reporters.JUnitReportReporter -->
<testsuite hostname="Gate6-70" name="example.NewTest" tests="1" failures="0" timestamp="17 Aug 2017 11:08:01 GMT" time="0.021" errors="0">
  <testcase name="testEasy" time="0.021" classname="example.NewTest"/>
</testsuite> <!-- example.NewTest -->
