<?xml version="1.0" encoding="UTF-8"?>
<!-- Generated by org.testng.reporters.JUnitReportReporter -->
<testsuite hostname="Gate6-122" name="PR_Signup.SUPosetiveCaseTest" tests="1" failures="0" timestamp="2 Aug 2017 10:12:02 GMT" time="42.509" errors="0">
  <testcase name="Password_Valid" time="42.509" classname="PR_Signup.SUPosetiveCaseTest"/>
</testsuite> <!-- PR_Signup.SUPosetiveCaseTest -->
