<?xml version="1.0" encoding="UTF-8"?>
<!-- Generated by org.testng.reporters.JUnitReportReporter -->
<testsuite hostname="Gate6-70" name="PR_Signup.SignupTest" tests="7" failures="0" timestamp="18 Aug 2017 06:25:57 GMT" time="48.482" errors="0">
  <testcase name="ValidSignup" time="3.212" classname="PR_Signup.SignupTest"/>
  <testcase name="CheckApp_Status" time="19.849" classname="PR_Signup.SignupTest"/>
  <testcase name="InvalidPassword" time="3.149" classname="PR_Signup.SignupTest"/>
  <testcase name="BlankFullName" time="3.970" classname="PR_Signup.SignupTest"/>
  <testcase name="InvalidEmail" time="3.474" classname="PR_Signup.SignupTest"/>
  <testcase name="FaceBookSignup" time="12.032" classname="PR_Signup.SignupTest"/>
  <testcase name="BlankEmail" time="2.796" classname="PR_Signup.SignupTest"/>
</testsuite> <!-- PR_Signup.SignupTest -->
