<?xml version="1.0" encoding="UTF-8"?>
<!-- Generated by org.testng.reporters.JUnitReportReporter -->
<testsuite hostname="Gate6-122" name="PR_Signup.SignupTest" tests="1" failures="0" timestamp="2 Aug 2017 09:06:39 GMT" time="21.111" errors="0">
  <testcase name="testEasy" time="21.111" classname="PR_Signup.SignupTest"/>
</testsuite> <!-- PR_Signup.SignupTest -->
