<?xml version="1.0" encoding="UTF-8"?>
<!-- Generated by org.testng.reporters.JUnitReportReporter -->
<testsuite hostname="Gate6-122" name="PR_Signup.BlankEmailTest" tests="1" failures="0" timestamp="2 Aug 2017 10:48:41 GMT" time="35.628" errors="0">
  <testcase name="Email_Validation" time="35.628" classname="PR_Signup.BlankEmailTest"/>
</testsuite> <!-- PR_Signup.BlankEmailTest -->
