<?xml version="1.0" encoding="UTF-8"?>
<!-- Generated by org.testng.reporters.JUnitReportReporter -->
<testsuite hostname="Gate6-122" name="PR_Signup.BlankFullNameTest" tests="1" failures="0" timestamp="2 Aug 2017 10:17:06 GMT" time="26.479" errors="0">
  <testcase name="FullName_Validation" time="26.479" classname="PR_Signup.BlankFullNameTest"/>
</testsuite> <!-- PR_Signup.BlankFullNameTest -->
