<?xml version="1.0" encoding="UTF-8"?>
<!-- Generated by org.testng.reporters.JUnitReportReporter -->
<testsuite hostname="Gate6-70" name="PR_Signup.SocialFacebookSignUpTest" tests="1" failures="0" timestamp="16 Aug 2017 09:30:27 GMT" time="61.718" errors="0">
  <testcase name="Email_Validation" time="61.718" classname="PR_Signup.SocialFacebookSignUpTest"/>
</testsuite> <!-- PR_Signup.SocialFacebookSignUpTest -->
