<?xml version="1.0" encoding="UTF-8"?>
<!-- Generated by org.testng.reporters.JUnitReportReporter -->
<testsuite hostname="Gate6-70" name="PR_Signup.ValidSignupTest" tests="1" failures="0" timestamp="17 Aug 2017 04:27:57 GMT" time="22.109" errors="0">
  <testcase name="Email_Validation" time="22.109" classname="PR_Signup.ValidSignupTest"/>
</testsuite> <!-- PR_Signup.ValidSignupTest -->
